<?xml version="1.0" encoding="UTF-8"?>
<!-- Generated by org.testng.reporters.JUnitReportReporter -->
<testsuite hostname="DESKTOP-4ON2IB0" failures="0" tests="1" name="bestbuy.com.testcases.SearchAnItemTestCase" time="155.799" errors="0" timestamp="2023-04-24T16:45:45 IST" skipped="0">
  <testcase classname="bestbuy.com.testcases.SearchAnItemTestCase" name="searchAndAdd" time="155.799"/>
  <system-out/>
</testsuite> <!-- bestbuy.com.testcases.SearchAnItemTestCase -->
