<?xml version="1.0" encoding="UTF-8"?>
<!-- Generated by org.testng.reporters.JUnitReportReporter -->
<testsuite hostname="DESKTOP-4ON2IB0" failures="0" tests="1" name="bestbuy.com.testcases.SignInTestCase" time="27.700" errors="0" timestamp="2023-04-24T18:02:55 IST" skipped="0">
  <testcase classname="bestbuy.com.testcases.SignInTestCase" name="signPage" time="27.700"/>
  <system-out/>
</testsuite> <!-- bestbuy.com.testcases.SignInTestCase -->
