<?xml version="1.0" encoding="UTF-8"?>
<!-- Generated by org.testng.reporters.JUnitReportReporter -->
<testsuite hostname="DESKTOP-4ON2IB0" failures="0" tests="1" name="bestbuy.com.testcases.SelectCountryCanadaTestCase" time="14.554" errors="0" timestamp="2023-04-18T19:48:02 IST" skipped="0">
  <testcase classname="bestbuy.com.testcases.SelectCountryCanadaTestCase" name="bestBuyCountry" time="14.554"/>
  <system-out/>
</testsuite> <!-- bestbuy.com.testcases.SelectCountryCanadaTestCase -->
