<?xml version="1.0" encoding="UTF-8"?>
<!-- Generated by org.testng.reporters.JUnitReportReporter -->
<testsuite hostname="DESKTOP-4ON2IB0" failures="0" tests="1" name="bestbuy.com.testcases.CheckoutPage" time="58.097" errors="0" timestamp="2023-04-24T17:23:07 IST" skipped="0">
  <testcase classname="bestbuy.com.testcases.CheckoutPage" name="searchAndAdd" time="58.097"/>
  <system-out/>
</testsuite> <!-- bestbuy.com.testcases.CheckoutPage -->
