<?xml version="1.0" encoding="UTF-8"?>
<!-- Generated by org.testng.reporters.JUnitReportReporter -->
<testsuite hostname="DESKTOP-4ON2IB0" failures="0" tests="1" name="bestbuy.com.testcases.SearchAnItemFromMenuPageTestCase" time="187.646" errors="0" timestamp="2023-04-24T16:40:11 IST" skipped="0">
  <testcase classname="bestbuy.com.testcases.SearchAnItemFromMenuPageTestCase" name="menu" time="187.646"/>
  <system-out/>
</testsuite> <!-- bestbuy.com.testcases.SearchAnItemFromMenuPageTestCase -->
