<?xml version="1.0" encoding="UTF-8"?>
<!-- Generated by org.testng.reporters.JUnitReportReporter -->
<testsuite hostname="DESKTOP-4ON2IB0" failures="0" tests="1" name="bestbuy.com.testcases.SelectCountryUSATestCase" time="20.077" errors="0" timestamp="2023-04-23T11:00:13 IST" skipped="0">
  <testcase classname="bestbuy.com.testcases.SelectCountryUSATestCase" name="bestbuycountry" time="20.077"/>
  <system-out/>
</testsuite> <!-- bestbuy.com.testcases.SelectCountryUSATestCase -->
