<?xml version="1.0" encoding="UTF-8"?>
<!-- Generated by org.testng.reporters.JUnitReportReporter -->
<testsuite hostname="DESKTOP-4ON2IB0" failures="0" tests="1" name="bestbuy.com.testcases.SelectAnItemFromMenuTestCase" time="15.803" errors="0" timestamp="2023-04-19T22:42:29 IST" skipped="0">
  <testcase classname="bestbuy.com.testcases.SelectAnItemFromMenuTestCase" name="SelectAnItemFromMenu" time="15.803"/>
  <system-out/>
</testsuite> <!-- bestbuy.com.testcases.SelectAnItemFromMenuTestCase -->
